0 info it worked if it ends with ok
1 verbose cli [ 'C:\\Program Files (x86)\\nodejs\\node.exe',
1 verbose cli   'C:\\Program Files (x86)\\nodejs\\node_modules\\npm\\bin\\npm-cli.js',
1 verbose cli   'run',
1 verbose cli   'dev' ]
2 info using npm@3.10.10
3 info using node@v6.9.5
4 verbose run-script [ 'predev', 'dev', 'postdev' ]
5 info lifecycle Notifood@1.0.0~predev: Notifood@1.0.0
6 silly lifecycle Notifood@1.0.0~predev: no script for predev, continuing
7 info lifecycle Notifood@1.0.0~dev: Notifood@1.0.0
8 verbose lifecycle Notifood@1.0.0~dev: unsafe-perm in lifecycle true
9 verbose lifecycle Notifood@1.0.0~dev: PATH: C:\Program Files (x86)\nodejs\node_modules\npm\bin\node-gyp-bin;C:\Users\HP-ELITEBOOK\Desktop\JavascriptWorks\Notifood\node_modules\.bin;C:\Program Files\Git\mingw64\bin;C:\Program Files\Git\usr\bin;C:\Users\HP-ELITEBOOK\bin;C:\ProgramData\Oracle\Java\javapath;C:\WINDOWS\system32;C:\WINDOWS;C:\WINDOWS\System32\Wbem;C:\WINDOWS\System32\WindowsPowerShell\v1.0;C:\Program Files\Intel\WiFi\bin;C:\Program Files\Common Files\Intel\WirelessCommon;C:\WINDOWS\System32\OpenSSH;C:\Program Files (x86)\nodejs;C:\Program Files (x86)\Microsoft VS Code\bin;C:\Program Files\Git\cmd;C:\MongoDB\bin
10 verbose lifecycle Notifood@1.0.0~dev: CWD: C:\Users\HP-ELITEBOOK\Desktop\JavascriptWorks\Notifood
11 silly lifecycle Notifood@1.0.0~dev: Args: [ '/d /s /c', 'nodemon server.js' ]
12 silly lifecycle Notifood@1.0.0~dev: Returned: code: 3221225786  signal: null
13 info lifecycle Notifood@1.0.0~dev: Failed to exec dev script
14 verbose stack Error: Notifood@1.0.0 dev: `nodemon server.js`
14 verbose stack Exit status 3221225786
14 verbose stack     at EventEmitter.<anonymous> (C:\Program Files (x86)\nodejs\node_modules\npm\lib\utils\lifecycle.js:255:16)
14 verbose stack     at emitTwo (events.js:106:13)
14 verbose stack     at EventEmitter.emit (events.js:191:7)
14 verbose stack     at ChildProcess.<anonymous> (C:\Program Files (x86)\nodejs\node_modules\npm\lib\utils\spawn.js:40:14)
14 verbose stack     at emitTwo (events.js:106:13)
14 verbose stack     at ChildProcess.emit (events.js:191:7)
14 verbose stack     at maybeClose (internal/child_process.js:877:16)
14 verbose stack     at Process.ChildProcess._handle.onexit (internal/child_process.js:226:5)
15 verbose pkgid Notifood@1.0.0
16 verbose cwd C:\Users\HP-ELITEBOOK\Desktop\JavascriptWorks\Notifood
17 error Windows_NT 10.0.17134
18 error argv "C:\\Program Files (x86)\\nodejs\\node.exe" "C:\\Program Files (x86)\\nodejs\\node_modules\\npm\\bin\\npm-cli.js" "run" "dev"
19 error node v6.9.5
20 error npm  v3.10.10
21 error code ELIFECYCLE
22 error Notifood@1.0.0 dev: `nodemon server.js`
22 error Exit status 3221225786
23 error Failed at the Notifood@1.0.0 dev script 'nodemon server.js'.
23 error Make sure you have the latest version of node.js and npm installed.
23 error If you do, this is most likely a problem with the Notifood package,
23 error not with npm itself.
23 error Tell the author that this fails on your system:
23 error     nodemon server.js
23 error You can get information on how to open an issue for this project with:
23 error     npm bugs Notifood
23 error Or if that isn't available, you can get their info via:
23 error     npm owner ls Notifood
23 error There is likely additional logging output above.
24 verbose exit [ 1, true ]
